{"uid":"4b4757e66a1912dae1a509f688f20b0f","children":[{"name":"Product defects","children":[{"name":"Element should exist {div[class*='Subproject__container'].snapshot(1 elements)[0]}\nElement: 'Ups, failed to describe the element [caused by: StaleElementReferenceException: stale element reference: stale element not found]'\nActual value: does not exist\nScreenshot: file:/home/runner/work/teamcity-testing-framework/teamcity-testing-framework/build/reports/tests/1732572462453.0.png\nPage source: file:/home/runner/work/teamcity-testing-framework/teamcity-testing-framework/build/reports/tests/1732572462453.0.html\nTimeout: 4 s.","children":[{"name":"User should be able to create a project manually","uid":"8e905ffe3546a9ea","parentUid":"4c76c155829ccc3b009fcc9890b6aa3d","status":"failed","time":{"start":1732572407679,"stop":1732572463106,"duration":55427},"flaky":false,"newFailed":true,"newPassed":false,"newBroken":false,"retriesCount":0,"retriesStatusChange":false,"parameters":[],"tags":[]}],"uid":"4c76c155829ccc3b009fcc9890b6aa3d"},{"name":"Element not found {#url}\nExpected: editable\nScreenshot: file:/home/runner/work/teamcity-testing-framework/teamcity-testing-framework/build/reports/tests/1732572492384.1.png\nPage source: file:/home/runner/work/teamcity-testing-framework/teamcity-testing-framework/build/reports/tests/1732572492384.1.html\nTimeout: 4 s.\nCaused by: NoSuchElementException: no such element: Unable to locate element: {\"method\":\"css selector\",\"selector\":\"#url\"}","children":[{"name":"User should be able to create a project with URL","uid":"9da647034e1d4a21","parentUid":"5df5721f178b938da8777b25cde81be6","status":"failed","time":{"start":1732572483111,"stop":1732572492888,"duration":9777},"flaky":false,"newFailed":true,"newPassed":false,"newBroken":false,"retriesCount":0,"retriesStatusChange":false,"parameters":[],"tags":[]}],"uid":"5df5721f178b938da8777b25cde81be6"},{"name":"Element not found {#projectName}\nExpected: editable\nScreenshot: file:/home/runner/work/teamcity-testing-framework/teamcity-testing-framework/build/reports/tests/1732572504107.2.png\nPage source: file:/home/runner/work/teamcity-testing-framework/teamcity-testing-framework/build/reports/tests/1732572504107.2.html\nTimeout: 4 s.\nCaused by: NoSuchElementException: no such element: Unable to locate element: {\"method\":\"css selector\",\"selector\":\"#projectName\"}","children":[{"name":"User should not be able to create a project with empty name","uid":"bab8cbdc26f68fea","parentUid":"c88f8146f89c46d4e2e48d1b46180ec9","status":"failed","time":{"start":1732572493155,"stop":1732572504646,"duration":11491},"flaky":false,"newFailed":true,"newPassed":false,"newBroken":false,"retriesCount":0,"retriesStatusChange":false,"parameters":[],"tags":[]}],"uid":"c88f8146f89c46d4e2e48d1b46180ec9"},{"name":"Element not found {a[href = '#createManually']}\nExpected: clickable: interactable and enabled\nScreenshot: file:/home/runner/work/teamcity-testing-framework/teamcity-testing-framework/build/reports/tests/1732572544929.3.png\nPage source: file:/home/runner/work/teamcity-testing-framework/teamcity-testing-framework/build/reports/tests/1732572544929.3.html\nTimeout: 4 s.\nCaused by: NoSuchElementException: no such element: Unable to locate element: {\"method\":\"css selector\",\"selector\":\"a[href = '#createManually']\"}","children":[{"name":"User should not be able to create manually a build type with empty buildType name","uid":"214bf6405d5eb433","parentUid":"09ef689abb7e7ae8fdeb0dcee25e8623","status":"failed","time":{"start":1732572537276,"stop":1732572545276,"duration":8000},"flaky":false,"newFailed":true,"newPassed":false,"newBroken":false,"retriesCount":0,"retriesStatusChange":false,"parameters":[],"tags":[]}],"uid":"09ef689abb7e7ae8fdeb0dcee25e8623"}],"uid":"8fb3a91ba5aaf9de24cc8a92edc82b5d"}],"name":"categories"}